1558636490353	mozrunner::runner	INFO	Running command: "/usr/bin/firefox" "-marionette" "-foreground" "-no-remote" "-profile" "/tmp/rust_mozprofile.XWI4vtMDSI6c"
1558636490678	addons.webextension.screenshots@mozilla.org	WARN	Loading extension 'screenshots@mozilla.org': Reading manifest: Invalid extension permission: mozillaAddons
1558636490678	addons.webextension.screenshots@mozilla.org	WARN	Loading extension 'screenshots@mozilla.org': Reading manifest: Invalid extension permission: resource://pdf.js/
1558636490678	addons.webextension.screenshots@mozilla.org	WARN	Loading extension 'screenshots@mozilla.org': Reading manifest: Invalid extension permission: about:reader*
IPDL protocol Error: Received an invalid file descriptor
IPDL protocol Error: Received an invalid file descriptor
1558636491900	Marionette	INFO	Listening on port 36263
1558636491959	Marionette	WARN	TLS certificate errors will be ignored for this session
IPDL protocol Error: Received an invalid file descriptor
[Parent 4824, Gecko_IOThread] WARNING: pipe error (87): Connection reset by peer: file /builddir/build/BUILD/firefox-67.0/ipc/chromium/src/chrome/common/ipc_channel_posix.cc, line 357
1558636496637	Marionette	INFO	Stopped listening on port 36263
1558636764290	mozrunner::runner	INFO	Running command: "/usr/bin/firefox" "-marionette" "-headless" "-foreground" "-no-remote" "-profile" "/tmp/rust_mozprofile.0PLCpUqXRAba"
*** You are running in headless mode.
1558636764563	addons.webextension.screenshots@mozilla.org	WARN	Loading extension 'screenshots@mozilla.org': Reading manifest: Invalid extension permission: mozillaAddons
1558636764563	addons.webextension.screenshots@mozilla.org	WARN	Loading extension 'screenshots@mozilla.org': Reading manifest: Invalid extension permission: resource://pdf.js/
1558636764563	addons.webextension.screenshots@mozilla.org	WARN	Loading extension 'screenshots@mozilla.org': Reading manifest: Invalid extension permission: about:reader*
1558636765619	Marionette	INFO	Listening on port 45813
1558636765721	Marionette	WARN	TLS certificate errors will be ignored for this session
console.error: BroadcastService: 
  receivedBroadcastMessage: handler for
  remote-settings/monitor_changes
  threw error:
  Message: Error: Polling for changes failed: http://%(server)s/dummy/blocklist//buckets/monitor/collections/changes/records?_expected=%221558636112056%22 is not a valid URL..
  Stack:
    remoteSettingsFunction/remoteSettings.pollChanges@resource://services-settings/remote-settings.js:203:13

1558637297253	mozrunner::runner	INFO	Running command: "/usr/bin/firefox" "-marionette" "-foreground" "-no-remote" "-profile" "/tmp/rust_mozprofile.0Hnd2fdVF1es"
1558637297576	addons.webextension.screenshots@mozilla.org	WARN	Loading extension 'screenshots@mozilla.org': Reading manifest: Invalid extension permission: mozillaAddons
1558637297576	addons.webextension.screenshots@mozilla.org	WARN	Loading extension 'screenshots@mozilla.org': Reading manifest: Invalid extension permission: resource://pdf.js/
1558637297576	addons.webextension.screenshots@mozilla.org	WARN	Loading extension 'screenshots@mozilla.org': Reading manifest: Invalid extension permission: about:reader*
IPDL protocol Error: Received an invalid file descriptor
IPDL protocol Error: Received an invalid file descriptor
1558637298818	Marionette	INFO	Listening on port 37709
1558637298859	Marionette	WARN	TLS certificate errors will be ignored for this session
IPDL protocol Error: Received an invalid file descriptor
1558637300772	Marionette	INFO	Stopped listening on port 37709
1558637343119	mozrunner::runner	INFO	Running command: "/usr/bin/firefox" "-marionette" "-foreground" "-no-remote" "-profile" "/tmp/rust_mozprofile.QkV4g4e23w7u"
1558637343447	addons.webextension.screenshots@mozilla.org	WARN	Loading extension 'screenshots@mozilla.org': Reading manifest: Invalid extension permission: mozillaAddons
1558637343448	addons.webextension.screenshots@mozilla.org	WARN	Loading extension 'screenshots@mozilla.org': Reading manifest: Invalid extension permission: resource://pdf.js/
1558637343448	addons.webextension.screenshots@mozilla.org	WARN	Loading extension 'screenshots@mozilla.org': Reading manifest: Invalid extension permission: about:reader*
IPDL protocol Error: Received an invalid file descriptor
IPDL protocol Error: Received an invalid file descriptor
1558637344705	Marionette	INFO	Listening on port 44107
1558637344727	Marionette	WARN	TLS certificate errors will be ignored for this session
IPDL protocol Error: Received an invalid file descriptor
1558637349046	Marionette	INFO	Stopped listening on port 44107
1558637357072	mozrunner::runner	INFO	Running command: "/usr/bin/firefox" "-marionette" "-foreground" "-no-remote" "-profile" "/tmp/rust_mozprofile.jyapXRAkzXQa"
1558637357432	addons.webextension.screenshots@mozilla.org	WARN	Loading extension 'screenshots@mozilla.org': Reading manifest: Invalid extension permission: mozillaAddons
1558637357432	addons.webextension.screenshots@mozilla.org	WARN	Loading extension 'screenshots@mozilla.org': Reading manifest: Invalid extension permission: resource://pdf.js/
1558637357432	addons.webextension.screenshots@mozilla.org	WARN	Loading extension 'screenshots@mozilla.org': Reading manifest: Invalid extension permission: about:reader*
IPDL protocol Error: Received an invalid file descriptor
IPDL protocol Error: Received an invalid file descriptor
1558637358713	Marionette	INFO	Listening on port 40919
1558637358778	Marionette	WARN	TLS certificate errors will be ignored for this session
IPDL protocol Error: Received an invalid file descriptor
1558637368817	Marionette	INFO	Stopped listening on port 40919
1558637564804	mozrunner::runner	INFO	Running command: "/usr/bin/firefox" "-marionette" "-foreground" "-no-remote" "-profile" "/tmp/rust_mozprofile.XDgr0SzuX9b3"
1558637565117	addons.webextension.screenshots@mozilla.org	WARN	Loading extension 'screenshots@mozilla.org': Reading manifest: Invalid extension permission: mozillaAddons
1558637565117	addons.webextension.screenshots@mozilla.org	WARN	Loading extension 'screenshots@mozilla.org': Reading manifest: Invalid extension permission: resource://pdf.js/
1558637565117	addons.webextension.screenshots@mozilla.org	WARN	Loading extension 'screenshots@mozilla.org': Reading manifest: Invalid extension permission: about:reader*
IPDL protocol Error: Received an invalid file descriptor
IPDL protocol Error: Received an invalid file descriptor
1558637566367	Marionette	INFO	Listening on port 45801
1558637566415	Marionette	WARN	TLS certificate errors will be ignored for this session
IPDL protocol Error: Received an invalid file descriptor
1558637572524	Marionette	INFO	Stopped listening on port 45801
1558637590217	mozrunner::runner	INFO	Running command: "/usr/bin/firefox" "-marionette" "-foreground" "-no-remote" "-profile" "/tmp/rust_mozprofile.ujRUokg2zPLM"
1558637590534	addons.webextension.screenshots@mozilla.org	WARN	Loading extension 'screenshots@mozilla.org': Reading manifest: Invalid extension permission: mozillaAddons
1558637590534	addons.webextension.screenshots@mozilla.org	WARN	Loading extension 'screenshots@mozilla.org': Reading manifest: Invalid extension permission: resource://pdf.js/
1558637590534	addons.webextension.screenshots@mozilla.org	WARN	Loading extension 'screenshots@mozilla.org': Reading manifest: Invalid extension permission: about:reader*
IPDL protocol Error: Received an invalid file descriptor
IPDL protocol Error: Received an invalid file descriptor
1558637591677	Marionette	INFO	Listening on port 33583
1558637591723	Marionette	WARN	TLS certificate errors will be ignored for this session
IPDL protocol Error: Received an invalid file descriptor
1558637597655	Marionette	INFO	Stopped listening on port 33583
1558637639119	mozrunner::runner	INFO	Running command: "/usr/bin/firefox" "-marionette" "-foreground" "-no-remote" "-profile" "/tmp/rust_mozprofile.T5AQEgLaTsKA"
1558637639439	addons.webextension.screenshots@mozilla.org	WARN	Loading extension 'screenshots@mozilla.org': Reading manifest: Invalid extension permission: mozillaAddons
1558637639439	addons.webextension.screenshots@mozilla.org	WARN	Loading extension 'screenshots@mozilla.org': Reading manifest: Invalid extension permission: resource://pdf.js/
1558637639439	addons.webextension.screenshots@mozilla.org	WARN	Loading extension 'screenshots@mozilla.org': Reading manifest: Invalid extension permission: about:reader*
IPDL protocol Error: Received an invalid file descriptor
IPDL protocol Error: Received an invalid file descriptor
1558637640749	Marionette	INFO	Listening on port 36509
1558637640828	Marionette	WARN	TLS certificate errors will be ignored for this session
IPDL protocol Error: Received an invalid file descriptor
1558637645718	Marionette	INFO	Stopped listening on port 36509
1558637890802	mozrunner::runner	INFO	Running command: "/usr/bin/firefox" "-marionette" "-foreground" "-no-remote" "-profile" "/tmp/rust_mozprofile.p6KERUi0JnaE"
1558637891118	addons.webextension.screenshots@mozilla.org	WARN	Loading extension 'screenshots@mozilla.org': Reading manifest: Invalid extension permission: mozillaAddons
1558637891118	addons.webextension.screenshots@mozilla.org	WARN	Loading extension 'screenshots@mozilla.org': Reading manifest: Invalid extension permission: resource://pdf.js/
1558637891118	addons.webextension.screenshots@mozilla.org	WARN	Loading extension 'screenshots@mozilla.org': Reading manifest: Invalid extension permission: about:reader*
IPDL protocol Error: Received an invalid file descriptor
IPDL protocol Error: Received an invalid file descriptor
1558637892322	Marionette	INFO	Listening on port 33533
1558637892409	Marionette	WARN	TLS certificate errors will be ignored for this session
IPDL protocol Error: Received an invalid file descriptor
1558637924119	Marionette	INFO	Stopped listening on port 33533
1558638005125	mozrunner::runner	INFO	Running command: "/usr/bin/firefox" "-marionette" "-foreground" "-no-remote" "-profile" "/tmp/rust_mozprofile.xgIw8GzwE4Ln"
1558638005450	addons.webextension.screenshots@mozilla.org	WARN	Loading extension 'screenshots@mozilla.org': Reading manifest: Invalid extension permission: mozillaAddons
1558638005451	addons.webextension.screenshots@mozilla.org	WARN	Loading extension 'screenshots@mozilla.org': Reading manifest: Invalid extension permission: resource://pdf.js/
1558638005451	addons.webextension.screenshots@mozilla.org	WARN	Loading extension 'screenshots@mozilla.org': Reading manifest: Invalid extension permission: about:reader*
IPDL protocol Error: Received an invalid file descriptor
IPDL protocol Error: Received an invalid file descriptor
1558638006719	Marionette	INFO	Listening on port 39325
1558638006738	Marionette	WARN	TLS certificate errors will be ignored for this session
IPDL protocol Error: Received an invalid file descriptor
[Parent 9978, Gecko_IOThread] WARNING: pipe error (72): Connection reset by peer: file /builddir/build/BUILD/firefox-67.0/ipc/chromium/src/chrome/common/ipc_channel_posix.cc, line 357
1558638010593	Marionette	INFO	Stopped listening on port 39325
1558638162040	mozrunner::runner	INFO	Running command: "/usr/bin/firefox" "-marionette" "-foreground" "-no-remote" "-profile" "/tmp/rust_mozprofile.1grhf767rOei"
1558638162352	addons.webextension.screenshots@mozilla.org	WARN	Loading extension 'screenshots@mozilla.org': Reading manifest: Invalid extension permission: mozillaAddons
1558638162352	addons.webextension.screenshots@mozilla.org	WARN	Loading extension 'screenshots@mozilla.org': Reading manifest: Invalid extension permission: resource://pdf.js/
1558638162352	addons.webextension.screenshots@mozilla.org	WARN	Loading extension 'screenshots@mozilla.org': Reading manifest: Invalid extension permission: about:reader*
IPDL protocol Error: Received an invalid file descriptor
IPDL protocol Error: Received an invalid file descriptor
1558638163491	Marionette	INFO	Listening on port 36417
1558638163545	Marionette	WARN	TLS certificate errors will be ignored for this session
IPDL protocol Error: Received an invalid file descriptor
1558638179185	Marionette	INFO	Stopped listening on port 36417
1558638182992	mozrunner::runner	INFO	Running command: "/usr/bin/firefox" "-marionette" "-foreground" "-no-remote" "-profile" "/tmp/rust_mozprofile.nEUkfmpayPuc"
1558638183334	addons.webextension.screenshots@mozilla.org	WARN	Loading extension 'screenshots@mozilla.org': Reading manifest: Invalid extension permission: mozillaAddons
1558638183334	addons.webextension.screenshots@mozilla.org	WARN	Loading extension 'screenshots@mozilla.org': Reading manifest: Invalid extension permission: resource://pdf.js/
1558638183334	addons.webextension.screenshots@mozilla.org	WARN	Loading extension 'screenshots@mozilla.org': Reading manifest: Invalid extension permission: about:reader*
IPDL protocol Error: Received an invalid file descriptor
IPDL protocol Error: Received an invalid file descriptor
1558638184564	Marionette	INFO	Listening on port 40755
1558638184605	Marionette	WARN	TLS certificate errors will be ignored for this session
IPDL protocol Error: Received an invalid file descriptor
1558638201245	Marionette	INFO	Stopped listening on port 40755
1558639182998	mozrunner::runner	INFO	Running command: "/usr/bin/firefox" "-marionette" "-foreground" "-no-remote" "-profile" "/tmp/rust_mozprofile.LbwDyEjMEX7f"
1558639183320	addons.webextension.screenshots@mozilla.org	WARN	Loading extension 'screenshots@mozilla.org': Reading manifest: Invalid extension permission: mozillaAddons
1558639183320	addons.webextension.screenshots@mozilla.org	WARN	Loading extension 'screenshots@mozilla.org': Reading manifest: Invalid extension permission: resource://pdf.js/
1558639183320	addons.webextension.screenshots@mozilla.org	WARN	Loading extension 'screenshots@mozilla.org': Reading manifest: Invalid extension permission: about:reader*
IPDL protocol Error: Received an invalid file descriptor
IPDL protocol Error: Received an invalid file descriptor
1558639184589	Marionette	INFO	Listening on port 37611
1558639184617	Marionette	WARN	TLS certificate errors will be ignored for this session
IPDL protocol Error: Received an invalid file descriptor
[Parent 11502, Gecko_IOThread] WARNING: pipe error (71): Connection reset by peer: file /builddir/build/BUILD/firefox-67.0/ipc/chromium/src/chrome/common/ipc_channel_posix.cc, line 357
1558639190231	Marionette	INFO	Stopped listening on port 37611
1558639416392	mozrunner::runner	INFO	Running command: "/usr/bin/firefox" "-marionette" "-foreground" "-no-remote" "-profile" "/tmp/rust_mozprofile.2ydcv50TOgeY"
1558639416725	addons.webextension.screenshots@mozilla.org	WARN	Loading extension 'screenshots@mozilla.org': Reading manifest: Invalid extension permission: mozillaAddons
1558639416726	addons.webextension.screenshots@mozilla.org	WARN	Loading extension 'screenshots@mozilla.org': Reading manifest: Invalid extension permission: resource://pdf.js/
1558639416726	addons.webextension.screenshots@mozilla.org	WARN	Loading extension 'screenshots@mozilla.org': Reading manifest: Invalid extension permission: about:reader*
IPDL protocol Error: Received an invalid file descriptor
IPDL protocol Error: Received an invalid file descriptor
1558639418081	Marionette	INFO	Listening on port 35571
1558639418123	Marionette	WARN	TLS certificate errors will be ignored for this session
IPDL protocol Error: Received an invalid file descriptor
1558639441984	Marionette	INFO	Stopped listening on port 35571
console.error: BroadcastService: 
  receivedBroadcastMessage: handler for
  remote-settings/monitor_changes
  threw error:
  Message: Error: Polling for changes failed: http://%(server)s/dummy/blocklist//buckets/monitor/collections/changes/records?_expected=%221558636068330%22 is not a valid URL..
  Stack:
    remoteSettingsFunction/remoteSettings.pollChanges@resource://services-settings/remote-settings.js:203:13

Exiting due to channel error.
[Child 6093, Chrome_ChildThread] WARNING: pipe error (39): Connection reset by peer: file /builddir/build/BUILD/firefox-67.0/ipc/chromium/src/chrome/common/ipc_channel_posix.cc, line 357
[Child 6093, Chrome_ChildThread] WARNING: pipe error (3): Connection reset by peer: file /builddir/build/BUILD/firefox-67.0/ipc/chromium/src/chrome/common/ipc_channel_posix.cc, line 357
Exiting due to channel error.
Exiting due to channel error.
1558696300365	mozrunner::runner	INFO	Running command: "/usr/bin/firefox" "-marionette" "-foreground" "-no-remote" "-profile" "/tmp/rust_mozprofile.o0UaWsuBUqd6"
1558696300823	addons.webextension.screenshots@mozilla.org	WARN	Loading extension 'screenshots@mozilla.org': Reading manifest: Invalid extension permission: mozillaAddons
1558696300823	addons.webextension.screenshots@mozilla.org	WARN	Loading extension 'screenshots@mozilla.org': Reading manifest: Invalid extension permission: resource://pdf.js/
1558696300823	addons.webextension.screenshots@mozilla.org	WARN	Loading extension 'screenshots@mozilla.org': Reading manifest: Invalid extension permission: about:reader*
IPDL protocol Error: Received an invalid file descriptor
IPDL protocol Error: Received an invalid file descriptor
1558696302088	Marionette	INFO	Listening on port 40027
1558696302174	Marionette	WARN	TLS certificate errors will be ignored for this session
IPDL protocol Error: Received an invalid file descriptor
[Parent 2927, Gecko_IOThread] WARNING: pipe error (78): Connection reset by peer: file /builddir/build/BUILD/firefox-67.0/ipc/chromium/src/chrome/common/ipc_channel_posix.cc, line 357
1558696372783	Marionette	INFO	Stopped listening on port 40027
1558712861402	mozrunner::runner	INFO	Running command: "/usr/bin/firefox" "-marionette" "-foreground" "-no-remote" "-profile" "/tmp/rust_mozprofile.dwxwwr8NIp1N"
1558712861711	addons.webextension.screenshots@mozilla.org	WARN	Loading extension 'screenshots@mozilla.org': Reading manifest: Invalid extension permission: mozillaAddons
1558712861712	addons.webextension.screenshots@mozilla.org	WARN	Loading extension 'screenshots@mozilla.org': Reading manifest: Invalid extension permission: resource://pdf.js/
1558712861712	addons.webextension.screenshots@mozilla.org	WARN	Loading extension 'screenshots@mozilla.org': Reading manifest: Invalid extension permission: about:reader*
IPDL protocol Error: Received an invalid file descriptor
IPDL protocol Error: Received an invalid file descriptor
1558712862840	Marionette	INFO	Listening on port 33947
1558712862908	Marionette	WARN	TLS certificate errors will be ignored for this session
IPDL protocol Error: Received an invalid file descriptor
console.error: BroadcastService: 
  receivedBroadcastMessage: handler for
  remote-settings/monitor_changes
  threw error:
  Message: Error: Polling for changes failed: http://%(server)s/dummy/blocklist//buckets/monitor/collections/changes/records?_expected=%221558711200727%22 is not a valid URL..
  Stack:
    remoteSettingsFunction/remoteSettings.pollChanges@resource://services-settings/remote-settings.js:203:13

[Parent 5348, Gecko_IOThread] WARNING: pipe error (71): Connection reset by peer: file /builddir/build/BUILD/firefox-67.0/ipc/chromium/src/chrome/common/ipc_channel_posix.cc, line 357
[Parent 5348, Gecko_IOThread] WARNING: pipe error (60): Connection reset by peer: file /builddir/build/BUILD/firefox-67.0/ipc/chromium/src/chrome/common/ipc_channel_posix.cc, line 357
1558714077195	Marionette	INFO	Stopped listening on port 33947
1558714398310	mozrunner::runner	INFO	Running command: "/usr/bin/firefox" "-marionette" "-foreground" "-no-remote" "-profile" "/tmp/rust_mozprofile.hHmh3fd9bJGS"
1558714398628	addons.webextension.screenshots@mozilla.org	WARN	Loading extension 'screenshots@mozilla.org': Reading manifest: Invalid extension permission: mozillaAddons
1558714398628	addons.webextension.screenshots@mozilla.org	WARN	Loading extension 'screenshots@mozilla.org': Reading manifest: Invalid extension permission: resource://pdf.js/
1558714398628	addons.webextension.screenshots@mozilla.org	WARN	Loading extension 'screenshots@mozilla.org': Reading manifest: Invalid extension permission: about:reader*
IPDL protocol Error: Received an invalid file descriptor
IPDL protocol Error: Received an invalid file descriptor
1558714399766	Marionette	INFO	Listening on port 34645
1558714399816	Marionette	WARN	TLS certificate errors will be ignored for this session
IPDL protocol Error: Received an invalid file descriptor
1558714424840	Marionette	INFO	Stopped listening on port 34645
1558791573148	mozrunner::runner	INFO	Running command: "/usr/bin/firefox" "-marionette" "-foreground" "-no-remote" "-profile" "/tmp/rust_mozprofile.LHYGh226oKY3"
1558791573465	addons.webextension.screenshots@mozilla.org	WARN	Loading extension 'screenshots@mozilla.org': Reading manifest: Invalid extension permission: mozillaAddons
1558791573465	addons.webextension.screenshots@mozilla.org	WARN	Loading extension 'screenshots@mozilla.org': Reading manifest: Invalid extension permission: resource://pdf.js/
1558791573465	addons.webextension.screenshots@mozilla.org	WARN	Loading extension 'screenshots@mozilla.org': Reading manifest: Invalid extension permission: about:reader*
IPDL protocol Error: Received an invalid file descriptor
IPDL protocol Error: Received an invalid file descriptor
1558791574638	Marionette	INFO	Listening on port 44235
1558791574656	Marionette	WARN	TLS certificate errors will be ignored for this session
IPDL protocol Error: Received an invalid file descriptor
1558791909385	Marionette	INFO	Stopped listening on port 44235
1558794443432	mozrunner::runner	INFO	Running command: "/usr/bin/firefox" "-marionette" "-foreground" "-no-remote" "-profile" "/tmp/rust_mozprofile.JhHj0Du8erdg"
1558794443756	addons.webextension.screenshots@mozilla.org	WARN	Loading extension 'screenshots@mozilla.org': Reading manifest: Invalid extension permission: mozillaAddons
1558794443757	addons.webextension.screenshots@mozilla.org	WARN	Loading extension 'screenshots@mozilla.org': Reading manifest: Invalid extension permission: resource://pdf.js/
1558794443757	addons.webextension.screenshots@mozilla.org	WARN	Loading extension 'screenshots@mozilla.org': Reading manifest: Invalid extension permission: about:reader*
IPDL protocol Error: Received an invalid file descriptor
IPDL protocol Error: Received an invalid file descriptor
1558794444884	Marionette	INFO	Listening on port 38925
1558794444938	Marionette	WARN	TLS certificate errors will be ignored for this session
IPDL protocol Error: Received an invalid file descriptor
1558794450977	mozrunner::runner	INFO	Running command: "/usr/bin/firefox" "-marionette" "-foreground" "-no-remote" "-profile" "/tmp/rust_mozprofile.sohhMIgCYVn8"
1558794451333	addons.webextension.screenshots@mozilla.org	WARN	Loading extension 'screenshots@mozilla.org': Reading manifest: Invalid extension permission: mozillaAddons
1558794451333	addons.webextension.screenshots@mozilla.org	WARN	Loading extension 'screenshots@mozilla.org': Reading manifest: Invalid extension permission: resource://pdf.js/
1558794451333	addons.webextension.screenshots@mozilla.org	WARN	Loading extension 'screenshots@mozilla.org': Reading manifest: Invalid extension permission: about:reader*
IPDL protocol Error: Received an invalid file descriptor
IPDL protocol Error: Received an invalid file descriptor
1558794452531	Marionette	INFO	Listening on port 41957
1558794452583	Marionette	WARN	TLS certificate errors will be ignored for this session
IPDL protocol Error: Received an invalid file descriptor
1558794462475	Marionette	INFO	Stopped listening on port 41957
[Parent 20403, Gecko_IOThread] WARNING: pipe error (71): Connection reset by peer: file /builddir/build/BUILD/firefox-67.0/ipc/chromium/src/chrome/common/ipc_channel_posix.cc, line 357
1558794467451	Marionette	INFO	Stopped listening on port 38925
1558794492770	mozrunner::runner	INFO	Running command: "/usr/bin/firefox" "-marionette" "-foreground" "-no-remote" "-profile" "/tmp/rust_mozprofile.0UWBm24d2D12"
1558794493079	addons.webextension.screenshots@mozilla.org	WARN	Loading extension 'screenshots@mozilla.org': Reading manifest: Invalid extension permission: mozillaAddons
1558794493080	addons.webextension.screenshots@mozilla.org	WARN	Loading extension 'screenshots@mozilla.org': Reading manifest: Invalid extension permission: resource://pdf.js/
1558794493080	addons.webextension.screenshots@mozilla.org	WARN	Loading extension 'screenshots@mozilla.org': Reading manifest: Invalid extension permission: about:reader*
IPDL protocol Error: Received an invalid file descriptor
IPDL protocol Error: Received an invalid file descriptor
1558794494255	Marionette	INFO	Listening on port 38663
1558794494275	Marionette	WARN	TLS certificate errors will be ignored for this session
IPDL protocol Error: Received an invalid file descriptor
console.error: BroadcastService: 
  receivedBroadcastMessage: handler for
  remote-settings/monitor_changes
  threw error:
  Message: Error: Polling for changes failed: http://%(server)s/dummy/blocklist//buckets/monitor/collections/changes/records?_expected=%221558742407364%22 is not a valid URL..
  Stack:
    remoteSettingsFunction/remoteSettings.pollChanges@resource://services-settings/remote-settings.js:203:13

1558796242816	mozrunner::runner	INFO	Running command: "/usr/bin/firefox" "-marionette" "-foreground" "-no-remote" "-profile" "/tmp/rust_mozprofile.ggwIuKjNw1or"
1558796243158	addons.webextension.screenshots@mozilla.org	WARN	Loading extension 'screenshots@mozilla.org': Reading manifest: Invalid extension permission: mozillaAddons
1558796243158	addons.webextension.screenshots@mozilla.org	WARN	Loading extension 'screenshots@mozilla.org': Reading manifest: Invalid extension permission: resource://pdf.js/
1558796243158	addons.webextension.screenshots@mozilla.org	WARN	Loading extension 'screenshots@mozilla.org': Reading manifest: Invalid extension permission: about:reader*
IPDL protocol Error: Received an invalid file descriptor
IPDL protocol Error: Received an invalid file descriptor
1558796244306	Marionette	INFO	Listening on port 33287
1558796244324	Marionette	WARN	TLS certificate errors will be ignored for this session
IPDL protocol Error: Received an invalid file descriptor
[Parent 23816, Gecko_IOThread] WARNING: pipe error (71): Connection reset by peer: file /builddir/build/BUILD/firefox-67.0/ipc/chromium/src/chrome/common/ipc_channel_posix.cc, line 357
[Parent 23816, Gecko_IOThread] WARNING: pipe error (84): Connection reset by peer: file /builddir/build/BUILD/firefox-67.0/ipc/chromium/src/chrome/common/ipc_channel_posix.cc, line 357
1558796256393	Marionette	INFO	Stopped listening on port 33287
1558796309540	mozrunner::runner	INFO	Running command: "/usr/bin/firefox" "-marionette" "-foreground" "-no-remote" "-profile" "/tmp/rust_mozprofile.ZJSiqNjx07JO"
1558796309907	addons.webextension.screenshots@mozilla.org	WARN	Loading extension 'screenshots@mozilla.org': Reading manifest: Invalid extension permission: mozillaAddons
1558796309907	addons.webextension.screenshots@mozilla.org	WARN	Loading extension 'screenshots@mozilla.org': Reading manifest: Invalid extension permission: resource://pdf.js/
1558796309908	addons.webextension.screenshots@mozilla.org	WARN	Loading extension 'screenshots@mozilla.org': Reading manifest: Invalid extension permission: about:reader*
IPDL protocol Error: Received an invalid file descriptor
IPDL protocol Error: Received an invalid file descriptor
1558796311079	Marionette	INFO	Listening on port 38803
1558796311154	Marionette	WARN	TLS certificate errors will be ignored for this session
IPDL protocol Error: Received an invalid file descriptor
1558796324656	Marionette	INFO	Stopped listening on port 38803
1558796436571	mozrunner::runner	INFO	Running command: "/usr/bin/firefox" "-marionette" "-foreground" "-no-remote" "-profile" "/tmp/rust_mozprofile.ASEqbNNShcqF"
1558796436931	addons.webextension.screenshots@mozilla.org	WARN	Loading extension 'screenshots@mozilla.org': Reading manifest: Invalid extension permission: mozillaAddons
1558796436931	addons.webextension.screenshots@mozilla.org	WARN	Loading extension 'screenshots@mozilla.org': Reading manifest: Invalid extension permission: resource://pdf.js/
1558796436932	addons.webextension.screenshots@mozilla.org	WARN	Loading extension 'screenshots@mozilla.org': Reading manifest: Invalid extension permission: about:reader*
IPDL protocol Error: Received an invalid file descriptor
IPDL protocol Error: Received an invalid file descriptor
1558796438096	Marionette	INFO	Listening on port 43593
1558796438177	Marionette	WARN	TLS certificate errors will be ignored for this session
IPDL protocol Error: Received an invalid file descriptor
console.error: BroadcastService: 
  receivedBroadcastMessage: handler for
  remote-settings/monitor_changes
  threw error:
  Message: Error: Polling for changes failed: http://%(server)s/dummy/blocklist//buckets/monitor/collections/changes/records?_expected=%221558742407364%22 is not a valid URL..
  Stack:
    remoteSettingsFunction/remoteSettings.pollChanges@resource://services-settings/remote-settings.js:203:13

1558796769056	mozrunner::runner	INFO	Running command: "/usr/bin/firefox" "-marionette" "-foreground" "-no-remote" "-profile" "/tmp/rust_mozprofile.kRErCjqaqKst"
1558796769389	addons.webextension.screenshots@mozilla.org	WARN	Loading extension 'screenshots@mozilla.org': Reading manifest: Invalid extension permission: mozillaAddons
1558796769389	addons.webextension.screenshots@mozilla.org	WARN	Loading extension 'screenshots@mozilla.org': Reading manifest: Invalid extension permission: resource://pdf.js/
1558796769389	addons.webextension.screenshots@mozilla.org	WARN	Loading extension 'screenshots@mozilla.org': Reading manifest: Invalid extension permission: about:reader*
IPDL protocol Error: Received an invalid file descriptor
IPDL protocol Error: Received an invalid file descriptor
1558796770577	Marionette	INFO	Listening on port 40255
1558796770666	Marionette	WARN	TLS certificate errors will be ignored for this session
IPDL protocol Error: Received an invalid file descriptor
1558796776786	Marionette	INFO	Stopped listening on port 40255
[Parent 26124, Gecko_IOThread] WARNING: pipe error (71): Connection reset by peer: file /builddir/build/BUILD/firefox-67.0/ipc/chromium/src/chrome/common/ipc_channel_posix.cc, line 357
[Parent 26124, Gecko_IOThread] WARNING: pipe error (60): Connection reset by peer: file /builddir/build/BUILD/firefox-67.0/ipc/chromium/src/chrome/common/ipc_channel_posix.cc, line 357
[Parent 26124, Gecko_IOThread] WARNING: pipe error (145): Connection reset by peer: file /builddir/build/BUILD/firefox-67.0/ipc/chromium/src/chrome/common/ipc_channel_posix.cc, line 357
1558796809419	mozrunner::runner	INFO	Running command: "/usr/bin/firefox" "-marionette" "-foreground" "-no-remote" "-profile" "/tmp/rust_mozprofile.k0TyWHJMNN8X"
1558796809878	addons.webextension.screenshots@mozilla.org	WARN	Loading extension 'screenshots@mozilla.org': Reading manifest: Invalid extension permission: mozillaAddons
1558796809879	addons.webextension.screenshots@mozilla.org	WARN	Loading extension 'screenshots@mozilla.org': Reading manifest: Invalid extension permission: resource://pdf.js/
1558796809879	addons.webextension.screenshots@mozilla.org	WARN	Loading extension 'screenshots@mozilla.org': Reading manifest: Invalid extension permission: about:reader*
IPDL protocol Error: Received an invalid file descriptor
IPDL protocol Error: Received an invalid file descriptor
1558796811070	Marionette	INFO	Listening on port 39839
1558796811125	Marionette	WARN	TLS certificate errors will be ignored for this session
IPDL protocol Error: Received an invalid file descriptor
1558796817194	Marionette	INFO	Stopped listening on port 39839
[Parent 26608, Gecko_IOThread] WARNING: pipe error (71): Connection reset by peer: file /builddir/build/BUILD/firefox-67.0/ipc/chromium/src/chrome/common/ipc_channel_posix.cc, line 357
[Parent 26608, Gecko_IOThread] WARNING: pipe error (75): Connection reset by peer: file /builddir/build/BUILD/firefox-67.0/ipc/chromium/src/chrome/common/ipc_channel_posix.cc, line 357
1558796868572	Marionette	INFO	Stopped listening on port 43593
[Parent 21313, Gecko_IOThread] WARNING: pipe error (71): Connection reset by peer: file /builddir/build/BUILD/firefox-67.0/ipc/chromium/src/chrome/common/ipc_channel_posix.cc, line 357
[Parent 21313, Gecko_IOThread] WARNING: pipe error (75): Connection reset by peer: file /builddir/build/BUILD/firefox-67.0/ipc/chromium/src/chrome/common/ipc_channel_posix.cc, line 357
1558796870833	Marionette	INFO	Stopped listening on port 38663
1558812049301	mozrunner::runner	INFO	Running command: "/usr/bin/firefox" "-marionette" "-foreground" "-no-remote" "-profile" "/tmp/rust_mozprofile.f9tmw09ko5bL"
1558812049608	addons.webextension.screenshots@mozilla.org	WARN	Loading extension 'screenshots@mozilla.org': Reading manifest: Invalid extension permission: mozillaAddons
1558812049609	addons.webextension.screenshots@mozilla.org	WARN	Loading extension 'screenshots@mozilla.org': Reading manifest: Invalid extension permission: resource://pdf.js/
1558812049609	addons.webextension.screenshots@mozilla.org	WARN	Loading extension 'screenshots@mozilla.org': Reading manifest: Invalid extension permission: about:reader*
IPDL protocol Error: Received an invalid file descriptor
IPDL protocol Error: Received an invalid file descriptor
1558812050726	Marionette	INFO	Listening on port 41835
1558812050811	Marionette	WARN	TLS certificate errors will be ignored for this session
IPDL protocol Error: Received an invalid file descriptor
1558812058458	Marionette	INFO	Stopped listening on port 41835
[Parent 973, Gecko_IOThread] WARNING: pipe error (72): Connection reset by peer: file /builddir/build/BUILD/firefox-67.0/ipc/chromium/src/chrome/common/ipc_channel_posix.cc, line 357
